<?xml version="1.0" encoding="UTF-8"?>
<Site BuildName="Linux-g++"
	BuildStamp="20241005-1409-Experimental"
	Name="localhost.localdomain"
	Generator="ctest-3.30.3"
	CompilerName="/usr/bin/g++"
	CompilerVersion="14.2.0"
	OSName="Linux"
	Hostname="localhost.localdomain"
	OSRelease="5.14.0-427.35.1.el9_4.x86_64"
	OSVersion="#1 SMP PREEMPT_DYNAMIC Fri Aug 30 15:47:10 EDT 2024"
	OSPlatform="x86_64"
	Is64Bits="1"
	VendorString="GenuineIntel"
	VendorID="Intel Corporation"
	FamilyID="6"
	ModelID="45"
	ProcessorCacheSize="20480"
	NumberOfLogicalCPU="32"
	NumberOfPhysicalCPU="16"
	TotalVirtualMemory="4095"
	TotalPhysicalMemory="144261"
	LogicalProcessorsPerPhysical="2"
	ProcessorClockFrequency="3000"
	>
	<Testing>
		<StartDateTime>Oct 05 07:42 PDT</StartDateTime>
		<StartTestTime>1728139363</StartTestTime>
		<TestList/>
		<EndDateTime>Oct 05 07:42 PDT</EndDateTime>
		<EndTestTime>1728139363</EndTestTime>
		<ElapsedMinutes>0</ElapsedMinutes>
	</Testing>
</Site>
